This is pdfTeX, Version 3.141592653-2.6-1.40.22 (TeX Live 2021) (preloaded format=pdflatex 2022.7.29)  25 SEP 2022 16:25
entering extended mode
 restricted \write18 enabled.
 %&-line parsing enabled.
**Portada.tex
(./Portada.tex
LaTeX2e <2020-10-01> patch level 4
L3 programming layer <2021-05-07>

! LaTeX Error: Environment titlepage undefined.

See the LaTeX manual or LaTeX Companion for explanation.
Type  H <return>  for immediate help.
 ...                                              
                                                  
l.2 \begin{titlepage}
                     
Your command was ignored.
Type  I <command> <return>  to replace it with another command,
or  <return>  to continue without it.


! LaTeX Error: Missing \begin{document}.

See the LaTeX manual or LaTeX Companion for explanation.
Type  H <return>  for immediate help.
 ...                                              
                                                  
l.4 \begin{center}
                  
You're in trouble here.  Try typing  <return>  to proceed.
If that doesn't work, type  X <return>  to quit.


Overfull \hbox (20.0pt too wide) in paragraph at lines 4--4
[] 
 []

! Not loaded.
\selectlanguage ...ing it}\errmessage {Not loaded}
                                                  
l.5 	\selectlanguage
                    {english}{
Selecting a language requires a package supporting it

Missing character: There is no e in font nullfont!
Missing character: There is no n in font nullfont!
Missing character: There is no g in font nullfont!
Missing character: There is no l in font nullfont!
Missing character: There is no i in font nullfont!
Missing character: There is no s in font nullfont!
Missing character: There is no h in font nullfont!

LaTeX Font Warning: Font shape `OT1/cmr/m/n' in size <18> not available
(Font)              size <17.28> substituted on input line 6.


LaTeX Font Warning: Font shape `OT1/cmr/bx/n' in size <18> not available
(Font)              size <17.28> substituted on input line 6.


Overfull \hbox (43.86003pt too wide) in paragraph at lines 5--7
 \OT1/cmr/bx/n/17.28 UNI- 
 []


Overfull \hbox (48.42001pt too wide) in paragraph at lines 5--7
 \OT1/cmr/bx/n/17.28 VER- 
 []


Overfull \hbox (24.51999pt too wide) in paragraph at lines 5--7
 \OT1/cmr/bx/n/17.28 SI- 
 []


Overfull \hbox (43.94002pt too wide) in paragraph at lines 5--7
 \OT1/cmr/bx/n/17.28 DAD 
 []


Overfull \hbox (27.66pt too wide) in paragraph at lines 5--7
 \OT1/cmr/bx/n/17.28 DE 
 []


Overfull \hbox (106.78001pt too wide) in paragraph at lines 5--7
 \OT1/cmr/bx/n/17.28 GUADALA- 
 []


Overfull \hbox (53.90004pt too wide) in paragraph at lines 5--7
 \OT1/cmr/bx/n/17.28 JARA 
 []


! LaTeX Error: Environment figure undefined.

See the LaTeX manual or LaTeX Companion for explanation.
Type  H <return>  for immediate help.
 ...                                              
                                                  
l.11 	\begin{figure}
                    [h]
Your command was ignored.
Type  I <command> <return>  to replace it with another command,
or  <return>  to continue without it.

Missing character: There is no [ in font nullfont!
Missing character: There is no h in font nullfont!
Missing character: There is no ] in font nullfont!
! Undefined control sequence.
l.13 	\includegraphics
                      [height=3.57cm,width=3cm]{/home/Fdora/Pictures/UdeG.png}
The control sequence at the end of the top line
of your error message was never \def'ed. If you have
misspelled it (e.g., `\hobx'), type `I' and the correct
spelling (e.g., `I\hbox'). Otherwise just continue,
and I'll forget about whatever was undefined.

Missing character: There is no [ in font nullfont!
Missing character: There is no h in font nullfont!
Missing character: There is no e in font nullfont!
Missing character: There is no i in font nullfont!
Missing character: There is no g in font nullfont!
Missing character: There is no h in font nullfont!
Missing character: There is no t in font nullfont!
Missing character: There is no = in font nullfont!
Missing character: There is no 3 in font nullfont!
Missing character: There is no . in font nullfont!
Missing character: There is no 5 in font nullfont!
Missing character: There is no 7 in font nullfont!
Missing character: There is no c in font nullfont!
Missing character: There is no m in font nullfont!
Missing character: There is no , in font nullfont!
Missing character: There is no w in font nullfont!
Missing character: There is no i in font nullfont!
Missing character: There is no d in font nullfont!
Missing character: There is no t in font nullfont!
Missing character: There is no h in font nullfont!
Missing character: There is no = in font nullfont!
Missing character: There is no 3 in font nullfont!
Missing character: There is no c in font nullfont!
Missing character: There is no m in font nullfont!
Missing character: There is no ] in font nullfont!
Missing character: There is no / in font nullfont!
Missing character: There is no h in font nullfont!
Missing character: There is no o in font nullfont!
Missing character: There is no m in font nullfont!
Missing character: There is no e in font nullfont!
Missing character: There is no / in font nullfont!
Missing character: There is no F in font nullfont!
Missing character: There is no d in font nullfont!
Missing character: There is no o in font nullfont!
Missing character: There is no r in font nullfont!
Missing character: There is no a in font nullfont!
Missing character: There is no / in font nullfont!
Missing character: There is no P in font nullfont!
Missing character: There is no i in font nullfont!
Missing character: There is no c in font nullfont!
Missing character: There is no t in font nullfont!
Missing character: There is no u in font nullfont!
Missing character: There is no r in font nullfont!
Missing character: There is no e in font nullfont!
Missing character: There is no s in font nullfont!
Missing character: There is no / in font nullfont!
Missing character: There is no U in font nullfont!
Missing character: There is no d in font nullfont!
Missing character: There is no e in font nullfont!
Missing character: There is no G in font nullfont!
Missing character: There is no . in font nullfont!
Missing character: There is no p in font nullfont!
Missing character: There is no n in font nullfont!
Missing character: There is no g in font nullfont!

! LaTeX Error: \begin{center} on input line 4 ended by \end{figure}.

See the LaTeX manual or LaTeX Companion for explanation.
Type  H <return>  for immediate help.
 ...                                              
                                                  
l.14 	\end{figure}
                  
Your command was ignored.
Type  I <command> <return>  to replace it with another command,
or  <return>  to continue without it.


Overfull \hbox (48.65826pt too wide) in paragraph at lines 8--15
 []\OT1/cmr/bx/n/14.4 Centro 
 []


Overfull \hbox (31.34998pt too wide) in paragraph at lines 8--15
 \OT1/cmr/bx/n/14.4 Uni- 
 []


Overfull \hbox (27.5083pt too wide) in paragraph at lines 8--15
 \OT1/cmr/bx/n/14.4 ver- 
 []


Overfull \hbox (16.29pt too wide) in paragraph at lines 8--15
 \OT1/cmr/bx/n/14.4 si- 
 []


Overfull \hbox (33.39162pt too wide) in paragraph at lines 8--15
 \OT1/cmr/bx/n/14.4 tario 
 []


Overfull \hbox (16.39165pt too wide) in paragraph at lines 8--15
 \OT1/cmr/bx/n/14.4 de 
 []


Overfull \hbox (24.22333pt too wide) in paragraph at lines 8--15
 \OT1/cmr/bx/n/14.4 Los 
 []


Overfull \hbox (23.0083pt too wide) in paragraph at lines 8--15
 \OT1/cmr/bx/n/14.4 La- 
 []


Overfull \hbox (22.59pt too wide) in paragraph at lines 8--15
 \OT1/cmr/bx/n/14.4 gos 
 []


Overfull \hbox (63.75496pt too wide) in paragraph at lines 18--19
 []\OT1/cmr/bx/n/14.4 "An^^Salisis 
 []


Overfull \hbox (8.54999pt too wide) in paragraph at lines 18--19
 \OT1/cmr/bx/n/14.4 y 
 []


Overfull \hbox (38.31664pt too wide) in paragraph at lines 18--19
 \OT1/cmr/bx/n/14.4 Mod- 
 []


Overfull \hbox (12.79166pt too wide) in paragraph at lines 18--19
 \OT1/cmr/bx/n/14.4 e- 
 []


Overfull \hbox (29.47495pt too wide) in paragraph at lines 18--19
 \OT1/cmr/bx/n/14.4 lado 
 []


Overfull \hbox (16.39165pt too wide) in paragraph at lines 18--19
 \OT1/cmr/bx/n/14.4 de 
 []


Overfull \hbox (64.85658pt too wide) in paragraph at lines 18--19
 \OT1/cmr/bx/n/14.4 Cin^^Seticas 
 []


Overfull \hbox (16.39165pt too wide) in paragraph at lines 18--19
 \OT1/cmr/bx/n/14.4 de 
 []


Overfull \hbox (38.3083pt too wide) in paragraph at lines 18--19
 \OT1/cmr/bx/n/14.4 Crec- 
 []


Overfull \hbox (52.84157pt too wide) in paragraph at lines 18--19
 \OT1/cmr/bx/n/14.4 imiento 
 []


Overfull \hbox (16.39165pt too wide) in paragraph at lines 18--19
 \OT1/cmr/bx/n/14.4 de 
 []


Overfull \hbox (31.10828pt too wide) in paragraph at lines 18--19
 \OT1/cmr/bx/n/14.4 Fan- 
 []


Overfull \hbox (22.59pt too wide) in paragraph at lines 18--19
 \OT1/cmr/bx/n/14.4 gos 
 []


Overfull \hbox (24.83333pt too wide) in paragraph at lines 18--19
 \OT1/cmr/bx/n/14.4 Ac- 
 []


Overfull \hbox (33.38995pt too wide) in paragraph at lines 18--19
 \OT1/cmr/bx/n/14.4 tivos 
 []


Overfull \hbox (46.22495pt too wide) in paragraph at lines 18--19
 \OT1/cmr/bx/n/14.4 Prove- 
 []


Overfull \hbox (49.52327pt too wide) in paragraph at lines 18--19
 \OT1/cmr/bx/n/14.4 nientes 
 []


Overfull \hbox (16.39165pt too wide) in paragraph at lines 18--19
 \OT1/cmr/bx/n/14.4 de 
 []


Overfull \hbox (12.37497pt too wide) in paragraph at lines 18--19
 \OT1/cmr/bx/n/14.4 la 
 []


Overfull \hbox (46.16658pt too wide) in paragraph at lines 18--19
 \OT1/cmr/bx/n/14.4 Planta 
 []


Overfull \hbox (16.39165pt too wide) in paragraph at lines 18--19
 \OT1/cmr/bx/n/14.4 de 
 []


Overfull \hbox (86.92485pt too wide) in paragraph at lines 18--19
 \OT1/cmr/bx/n/14.4 Tratamiento 
 []


Overfull \hbox (16.39165pt too wide) in paragraph at lines 18--19
 \OT1/cmr/bx/n/14.4 de 
 []


Overfull \hbox (43.59831pt too wide) in paragraph at lines 18--19
 \OT1/cmr/bx/n/14.4 Aguas 
 []


Overfull \hbox (29.76665pt too wide) in paragraph at lines 18--19
 \OT1/cmr/bx/n/14.4 Mu- 
 []


Overfull \hbox (26.09996pt too wide) in paragraph at lines 18--19
 \OT1/cmr/bx/n/14.4 nic- 
 []


Overfull \hbox (9.89998pt too wide) in paragraph at lines 18--19
 \OT1/cmr/bx/n/14.4 i- 
 []


Overfull \hbox (21.37495pt too wide) in paragraph at lines 18--19
 \OT1/cmr/bx/n/14.4 pal 
 []


Overfull \hbox (16.39165pt too wide) in paragraph at lines 18--19
 \OT1/cmr/bx/n/14.4 de 
 []


Overfull \hbox (23.0083pt too wide) in paragraph at lines 18--19
 \OT1/cmr/bx/n/14.4 La- 
 []


Overfull \hbox (22.59pt too wide) in paragraph at lines 18--19
 \OT1/cmr/bx/n/14.4 gos 
 []


Overfull \hbox (16.39165pt too wide) in paragraph at lines 18--19
 \OT1/cmr/bx/n/14.4 de 
 []


Overfull \hbox (62.94164pt too wide) in paragraph at lines 18--19
 \OT1/cmr/bx/n/14.4 Moreno" 
 []


Overfull \hbox (59.33424pt too wide) in paragraph at lines 20--21
 []\OT1/cmr/m/n/14.4 Protocolo 
 []


Overfull \hbox (14.09982pt too wide) in paragraph at lines 20--21
 \OT1/cmr/m/n/14.4 de 
 []


Overfull \hbox (30.31462pt too wide) in paragraph at lines 20--21
 \OT1/cmr/m/n/14.4 Tesis 
 []


Overfull \hbox (27.41632pt too wide) in paragraph at lines 20--21
 \OT1/cmr/m/n/14.4 para 
 []


Overfull \hbox (46.21608pt too wide) in paragraph at lines 20--21
 \OT1/cmr/m/n/14.4 obtener 
 []


Overfull \hbox (10.1832pt too wide) in paragraph at lines 20--21
 \OT1/cmr/m/n/14.4 el 
 []


Overfull \hbox (38.38284pt too wide) in paragraph at lines 20--21
 \OT1/cmr/m/n/14.4 T^^S^^Ptulo 
 []


Overfull \hbox (14.09982pt too wide) in paragraph at lines 20--21
 \OT1/cmr/m/n/14.4 de 
 []


Overfull \hbox (17.6198pt too wide) in paragraph at lines 20--21
 \OT1/cmr/m/n/14.4 In- 
 []


Overfull \hbox (18.01643pt too wide) in paragraph at lines 20--21
 \OT1/cmr/m/n/14.4 ge- 
 []


Overfull \hbox (30.5496pt too wide) in paragraph at lines 20--21
 \OT1/cmr/m/n/14.4 niero 
 []


Overfull \hbox (69.51746pt too wide) in paragraph at lines 20--21
 \OT1/cmr/m/n/14.4 Bioqu^^S^^Pmico 
 []


Overfull \hbox (57.06262pt too wide) in paragraph at lines 22--22
 []\OT1/cmr/m/n/14.4 Presenta: 
 []


Overfull \hbox (29.6233pt too wide) in paragraph at lines 22--23
 []\OT1/cmr/bx/n/14.4 Luis 
 []


Overfull \hbox (41.8916pt too wide) in paragraph at lines 22--23
 \OT1/cmr/bx/n/14.4 David 
 []


Overfull \hbox (72.4416pt too wide) in paragraph at lines 22--23
 \OT1/cmr/bx/n/14.4 Rodr^^S^^Pguez 
 []


Overfull \hbox (33.49162pt too wide) in paragraph at lines 22--23
 \OT1/cmr/bx/n/14.4 Cen- 
 []


Overfull \hbox (30.79163pt too wide) in paragraph at lines 22--23
 \OT1/cmr/bx/n/14.4 teno 
 []


Overfull \hbox (50.7177pt too wide) in paragraph at lines 24--24
 []\OT1/cmr/m/n/14.4 Director 
 []


Overfull \hbox (14.09982pt too wide) in paragraph at lines 24--24
 \OT1/cmr/m/n/14.4 de 
 []


Overfull \hbox (34.23123pt too wide) in paragraph at lines 24--24
 \OT1/cmr/m/n/14.4 Tesis: 
 []


Overfull \hbox (19.86665pt too wide) in paragraph at lines 24--25
 []\OT1/cmr/bx/n/14.4 M. 
 []


Overfull \hbox (16.39165pt too wide) in paragraph at lines 24--25
 \OT1/cmr/bx/n/14.4 en 
 []


Overfull \hbox (16.19997pt too wide) in paragraph at lines 24--25
 \OT1/cmr/bx/n/14.4 C. 
 []


Overfull \hbox (60.49158pt too wide) in paragraph at lines 24--25
 \OT1/cmr/bx/n/14.4 Gabriela 
 []


Overfull \hbox (24.97496pt too wide) in paragraph at lines 24--25
 \OT1/cmr/bx/n/14.4 Ca- 
 []


Overfull \hbox (33.39163pt too wide) in paragraph at lines 24--25
 \OT1/cmr/bx/n/14.4 mar- 
 []


Overfull \hbox (21.59995pt too wide) in paragraph at lines 24--25
 \OT1/cmr/bx/n/14.4 illo 
 []


Overfull \hbox (64.24994pt too wide) in paragraph at lines 24--25
 \OT1/cmr/bx/n/14.4 Mart^^S^^Pnez 
 []

Missing character: There is no L in font nullfont!
Missing character: There is no a in font nullfont!
Missing character: There is no g in font nullfont!
Missing character: There is no o in font nullfont!
Missing character: There is no s in font nullfont!
Missing character: There is no d in font nullfont!
Missing character: There is no e in font nullfont!
Missing character: There is no M in font nullfont!
Missing character: There is no o in font nullfont!
Missing character: There is no r in font nullfont!
Missing character: There is no e in font nullfont!
Missing character: There is no n in font nullfont!
Missing character: There is no o in font nullfont!
Missing character: There is no , in font nullfont!
Missing character: There is no J in font nullfont!
Missing character: There is no a in font nullfont!
Missing character: There is no l in font nullfont!
Missing character: There is no . in font nullfont!
! Not loaded.
\selectlanguage ...ing it}\errmessage {Not loaded}
                                                  
l.28 	Lagos de Moreno, Jal. \selectlanguage
                                           {spanish}{\today}
Selecting a language requires a package supporting it

Missing character: There is no s in font nullfont!
Missing character: There is no p in font nullfont!
Missing character: There is no a in font nullfont!
Missing character: There is no n in font nullfont!
Missing character: There is no i in font nullfont!
Missing character: There is no s in font nullfont!
Missing character: There is no h in font nullfont!
! Undefined control sequence.
l.28 ...reno, Jal. \selectlanguage{spanish}{\today
                                                  }
The control sequence at the end of the top line
of your error message was never \def'ed. If you have
misspelled it (e.g., `\hobx'), type `I' and the correct
spelling (e.g., `I\hbox'). Otherwise just continue,
and I'll forget about whatever was undefined.


! LaTeX Error: \begin{document} ended by \end{titlepage}.

See the LaTeX manual or LaTeX Companion for explanation.
Type  H <return>  for immediate help.
 ...                                              
                                                  
l.30 \end{titlepage}
                    
Your command was ignored.
Type  I <command> <return>  to replace it with another command,
or  <return>  to continue without it.

)
! Emergency stop.
<*> Portada.tex
               
*** (job aborted, no legal \end found)

 
Here is how much of TeX's memory you used:
 33 strings out of 480806
 575 string characters out of 5905151
 283494 words of memory out of 6000000
 17511 multiletter control sequences out of 15000+600000
 404641 words of font info for 31 fonts, out of 8000000 for 9000
 14 hyphenation exceptions out of 8191
 15i,1n,13p,243b,163s stack positions out of 5000i,500n,10000p,200000b,80000s
!  ==> Fatal error occurred, no output PDF file produced!
